Assembler report for RMS
Tue Apr 21 01:12:37 2026
Quartus Prime Version 20.1.1 Build 720 11/11/2020 SJ Lite Edition


---------------------
; Table of Contents ;
---------------------
  1. Legal Notice
  2. Assembler Summary
  3. Assembler Settings
  4. Assembler Encrypted IP Cores Summary
  5. Assembler Generated Files
  6. Assembler Device Options: RMS.sof
  7. Assembler Device Options: RMS.ttf
  8. Assembler Device Options: RMS.rbf
  9. Assembler Messages



----------------
; Legal Notice ;
----------------
Copyright (C) 2020  Intel Corporation. All rights reserved.
Your use of Intel Corporation's design tools, logic functions 
and other software and tools, and any partner logic 
functions, and any output files from any of the foregoing 
(including device programming or simulation files), and any 
associated documentation or information are expressly subject 
to the terms and conditions of the Intel Program License 
Subscription Agreement, the Intel Quartus Prime License Agreement,
the Intel FPGA IP License Agreement, or other applicable license
agreement, including, without limitation, that your use is for
the sole purpose of programming logic devices manufactured by
Intel and sold by Intel or its authorized distributors.  Please
refer to the applicable agreement for further details, at
https://fpgasoftware.intel.com/eula.



+---------------------------------------------------------------+
; Assembler Summary                                             ;
+-----------------------+---------------------------------------+
; Assembler Status      ; Successful - Tue Apr 21 01:12:37 2026 ;
; Revision Name         ; RMS                                   ;
; Top-level Entity Name ; bladerf                               ;
; Family                ; Cyclone V                             ;
; Device                ; 5CEBA4F23C8                           ;
+-----------------------+---------------------------------------+


+---------------------------------------------------------------------------------------------------------------+
; Assembler Settings                                                                                            ;
+-----------------------------------------------------------------------------+----------------+----------------+
; Option                                                                      ; Setting        ; Default Value  ;
+-----------------------------------------------------------------------------+----------------+----------------+
; Maximum processors allowed for parallel compilation                         ; All            ;                ;
; Use smart compilation                                                       ; Off            ; Off            ;
; Generate compressed bitstreams                                              ; Off            ; On             ;
; Enable compact report table                                                 ; Off            ; Off            ;
; Generate Tabular Text File (.ttf) For Target Device                         ; On             ; Off            ;
; Generate Raw Binary File (.rbf) For Target Device                           ; On             ; Off            ;
; Compression mode                                                            ; Off            ; Off            ;
; Clock source for configuration device                                       ; Internal       ; Internal       ;
; Clock frequency of the configuration device                                 ; 10 MHZ         ; 10 MHz         ;
; Divide clock frequency by                                                   ; 1              ; 1              ;
; Auto user code                                                              ; On             ; On             ;
; Configuration device                                                        ; Auto           ; Auto           ;
; Voltage output format                                                       ; Auto discovery ; Auto discovery ;
; Configuration device auto user code                                         ; Off            ; Off            ;
; Generate Hexadecimal (Intel-Format) Output File (.hexout) for Target Device ; Off            ; Off            ;
; Hexadecimal Output File start address                                       ; 0              ; 0              ;
; Hexadecimal Output File count direction                                     ; Up             ; Up             ;
; Release clears before tri-states                                            ; Off            ; Off            ;
; Auto-restart configuration after error                                      ; On             ; On             ;
; Enable OCT_DONE                                                             ; Off            ; Off            ;
; Use Checkered Pattern as Uninitialized RAM Content                          ; Off            ; Off            ;
; Enable autonomous PCIe HIP mode                                             ; Off            ; Off            ;
; Generate Serial Vector Format File (.svf) for Target Device                 ; Off            ; Off            ;
; Generate a JEDEC STAPL Format File (.jam) for Target Device                 ; Off            ; Off            ;
; Generate a compressed Jam STAPL Byte Code 2.0 File (.jbc) for Target Device ; Off            ; Off            ;
; Generate a compressed Jam STAPL Byte Code 2.0 File (.jbc) for Target Device ; On             ; On             ;
+-----------------------------------------------------------------------------+----------------+----------------+


+------------------------------------------------+
; Assembler Encrypted IP Cores Summary           ;
+--------+------------------------+--------------+
; Vendor ; IP Core Name           ; License Type ;
+--------+------------------------+--------------+
; Altera ; Signal Tap (6AF7 BCE1) ; Licensed     ;
; Altera ; Signal Tap (6AF7 BCEC) ; Licensed     ;
+--------+------------------------+--------------+


+----------------------------------------------------------------------------------+
; Assembler Generated Files                                                        ;
+----------------------------------------------------------------------------------+
; File Name                                                                        ;
+----------------------------------------------------------------------------------+
; /home/joannas/bladeRF/hdl/quartus/work/bladerf-micro-A4-RMS/output_files/RMS.sof ;
; /home/joannas/bladeRF/hdl/quartus/work/bladerf-micro-A4-RMS/output_files/RMS.ttf ;
; /home/joannas/bladeRF/hdl/quartus/work/bladerf-micro-A4-RMS/output_files/RMS.rbf ;
+----------------------------------------------------------------------------------+


+-----------------------------------+
; Assembler Device Options: RMS.sof ;
+----------------+------------------+
; Option         ; Setting          ;
+----------------+------------------+
; JTAG usercode  ; 0x07904D47       ;
; Checksum       ; 0x07904D47       ;
+----------------+------------------+


+-----------------------------------+
; Assembler Device Options: RMS.ttf ;
+--------------------+--------------+
; Option             ; Setting      ;
+--------------------+--------------+
; Tabular Text File  ;              ;
+--------------------+--------------+


+-----------------------------------+
; Assembler Device Options: RMS.rbf ;
+---------------------+-------------+
; Option              ; Setting     ;
+---------------------+-------------+
; Raw Binary File     ;             ;
;  Compression Ratio  ; 1           ;
+---------------------+-------------+


+--------------------+
; Assembler Messages ;
+--------------------+
Info: *******************************************************************
Info: Running Quartus Prime Assembler
    Info: Version 20.1.1 Build 720 11/11/2020 SJ Lite Edition
    Info: Processing started: Tue Apr 21 01:12:30 2026
Info: Command: quartus_asm --read_settings_files=on --write_settings_files=off bladerf -c RMS
Warning (20013): Ignored 2 assignments for entity "dcfifo_0v92" -- entity does not exist in design
    Warning (20014): Assignment for entity set_instance_assignment -name CUT ON -from delayed_wrptr_g -to "rs_dgwp|dffpipe_te9:dffpipe17|dffe18a" -entity dcfifo_0v92 -tag quartusii was ignored
    Warning (20014): Assignment for entity set_instance_assignment -name CUT ON -from rdptr_g -to "ws_dgrp|dffpipe_ve9:dffpipe21|dffe22a" -entity dcfifo_0v92 -tag quartusii was ignored
Warning (20013): Ignored 2 assignments for entity "dcfifo_aq92" -- entity does not exist in design
    Warning (20014): Assignment for entity set_instance_assignment -name CUT ON -from delayed_wrptr_g -to "rs_dgwp|dffpipe_id9:dffpipe13|dffe14a" -entity dcfifo_aq92 -tag quartusii was ignored
    Warning (20014): Assignment for entity set_instance_assignment -name CUT ON -from rdptr_g -to "ws_dgrp|dffpipe_jd9:dffpipe17|dffe18a" -entity dcfifo_aq92 -tag quartusii was ignored
Warning (20013): Ignored 2 assignments for entity "dcfifo_bt92" -- entity does not exist in design
    Warning (20014): Assignment for entity set_instance_assignment -name CUT ON -from delayed_wrptr_g -to "rs_dgwp|dffpipe_0f9:dffpipe13|dffe14a" -entity dcfifo_bt92 -tag quartusii was ignored
    Warning (20014): Assignment for entity set_instance_assignment -name CUT ON -from rdptr_g -to "ws_dgrp|dffpipe_1f9:dffpipe16|dffe17a" -entity dcfifo_bt92 -tag quartusii was ignored
Warning (20013): Ignored 2 assignments for entity "dcfifo_lr92" -- entity does not exist in design
    Warning (20014): Assignment for entity set_instance_assignment -name CUT ON -from delayed_wrptr_g -to "rs_dgwp|dffpipe_pe9:dffpipe13|dffe14a" -entity dcfifo_lr92 -tag quartusii was ignored
    Warning (20014): Assignment for entity set_instance_assignment -name CUT ON -from rdptr_g -to "ws_dgrp|dffpipe_2f9:dffpipe16|dffe17a" -entity dcfifo_lr92 -tag quartusii was ignored
Info (115030): Assembler is generating device programming files
Info: Quartus Prime Assembler was successful. 0 errors, 12 warnings
    Info: Peak virtual memory: 718 megabytes
    Info: Processing ended: Tue Apr 21 01:12:37 2026
    Info: Elapsed time: 00:00:07
    Info: Total CPU time (on all processors): 00:00:07


